2024-02-25 16:34:03,527 - Starting new HTTPS connection (1): sun9-60.userapi.com:443
2024-02-25 16:34:03,704 - https://sun9-60.userapi.com:443 "GET /impg/2vqBiJOu9V9GFpITLYl6YbT24mtP3f5e-mRKBQ/YgRVW9je_1A.jpg?size=1280x839&quality=95&sign=71a0b59f1fc1311d5140e1586b4dfb6d&c_uniq_tag=DKHWcFz5r8GktXAyHcEnQozAau81QBmkNhF5cGFM5AY&type=album HTTP/1.1" 200 329494
2024-02-25 16:34:03,775 - Starting new HTTPS connection (1): cloud-api.yandex.net:443
2024-02-25 16:34:04,479 - https://cloud-api.yandex.net:443 "GET /v1/disk/resources/upload?path=Profile_photos_VK%2Flikes+-+1+-+2024-02-15+-+0.jpg HTTP/1.1" 200 None
2024-02-25 16:34:04,482 - Starting new HTTPS connection (1): uploader56j.disk.yandex.net:443
2024-02-25 16:34:06,191 - https://uploader56j.disk.yandex.net:443 "PUT /upload-target/20240225T163404.155.utd.8tc7r8u49xwhqo6fet1rbg0ew-k56j.15880810 HTTP/1.1" 201 None
2024-02-25 16:34:06,196 - Starting new HTTPS connection (1): sun9-18.userapi.com:443
2024-02-25 16:34:06,487 - https://sun9-18.userapi.com:443 "GET /impg/N1blovs9EApg-c2pobfu4KEiyDa7YGNoEp3uwQ/7iV-es4S6j8.jpg?size=2560x1600&quality=95&sign=27fce57a3e8b4baa4162b75818e136f7&c_uniq_tag=Kn7XOLZleIpLe9wXL-QKqT-lJzUm6mXdPC4YdFLBGWE&type=album HTTP/1.1" 200 946506
2024-02-25 16:38:24,740 - Starting new HTTPS connection (1): sun9-60.userapi.com:443
2024-02-25 16:38:24,913 - https://sun9-60.userapi.com:443 "GET /impg/2vqBiJOu9V9GFpITLYl6YbT24mtP3f5e-mRKBQ/YgRVW9je_1A.jpg?size=1280x839&quality=95&sign=71a0b59f1fc1311d5140e1586b4dfb6d&c_uniq_tag=DKHWcFz5r8GktXAyHcEnQozAau81QBmkNhF5cGFM5AY&type=album HTTP/1.1" 200 329494
2024-02-25 16:38:24,984 - Starting new HTTPS connection (1): cloud-api.yandex.net:443
2024-02-25 16:38:25,548 - https://cloud-api.yandex.net:443 "GET /v1/disk/resources/upload?path=Profile_photos_VK%2Flikes+-+1+-+2024-02-15+-+0.jpg HTTP/1.1" 200 None
2024-02-25 16:38:25,551 - Starting new HTTPS connection (1): uploader22j.disk.yandex.net:443
2024-02-25 16:38:27,497 - https://uploader22j.disk.yandex.net:443 "PUT /upload-target/20240225T163825.509.utd.2dvjsih31j53j2aqmuzy8e9q7-k22j.15687465 HTTP/1.1" 201 None
2024-02-25 16:38:27,503 - Starting new HTTPS connection (1): sun9-18.userapi.com:443
2024-02-25 16:38:27,697 - https://sun9-18.userapi.com:443 "GET /impg/N1blovs9EApg-c2pobfu4KEiyDa7YGNoEp3uwQ/7iV-es4S6j8.jpg?size=2560x1600&quality=95&sign=27fce57a3e8b4baa4162b75818e136f7&c_uniq_tag=Kn7XOLZleIpLe9wXL-QKqT-lJzUm6mXdPC4YdFLBGWE&type=album HTTP/1.1" 200 946506
2024-02-25 16:47:13,271 - Starting new HTTPS connection (1): sun9-60.userapi.com:443
2024-02-25 16:47:13,473 - https://sun9-60.userapi.com:443 "GET /impg/2vqBiJOu9V9GFpITLYl6YbT24mtP3f5e-mRKBQ/YgRVW9je_1A.jpg?size=1280x839&quality=95&sign=71a0b59f1fc1311d5140e1586b4dfb6d&c_uniq_tag=DKHWcFz5r8GktXAyHcEnQozAau81QBmkNhF5cGFM5AY&type=album HTTP/1.1" 200 329494
2024-02-25 16:47:13,572 - Starting new HTTPS connection (1): cloud-api.yandex.net:443
2024-02-25 16:47:14,166 - https://cloud-api.yandex.net:443 "GET /v1/disk/resources/upload?path=Profile_photos_VK%2Flikes+-+1+-+2024-02-15+-+0.jpg HTTP/1.1" 200 None
2024-02-25 16:47:14,171 - Starting new HTTPS connection (1): uploader21g.disk.yandex.net:443
2024-02-25 16:47:16,952 - https://uploader21g.disk.yandex.net:443 "PUT /upload-target/20240225T164714.131.utd.dnrp0oiyzyjrup007melo8uhv-k21g.15782798 HTTP/1.1" 201 None
2024-02-25 16:47:16,960 - Starting new HTTPS connection (1): sun9-18.userapi.com:443
2024-02-25 16:47:17,172 - https://sun9-18.userapi.com:443 "GET /impg/N1blovs9EApg-c2pobfu4KEiyDa7YGNoEp3uwQ/7iV-es4S6j8.jpg?size=2560x1600&quality=95&sign=27fce57a3e8b4baa4162b75818e136f7&c_uniq_tag=Kn7XOLZleIpLe9wXL-QKqT-lJzUm6mXdPC4YdFLBGWE&type=album HTTP/1.1" 200 946506
2024-02-25 16:47:49,745 - Starting new HTTPS connection (1): sun9-60.userapi.com:443
2024-02-25 16:47:49,926 - https://sun9-60.userapi.com:443 "GET /impg/2vqBiJOu9V9GFpITLYl6YbT24mtP3f5e-mRKBQ/YgRVW9je_1A.jpg?size=1280x839&quality=95&sign=71a0b59f1fc1311d5140e1586b4dfb6d&c_uniq_tag=DKHWcFz5r8GktXAyHcEnQozAau81QBmkNhF5cGFM5AY&type=album HTTP/1.1" 200 329494
2024-02-25 16:47:49,997 - Starting new HTTPS connection (1): cloud-api.yandex.net:443
2024-02-25 16:47:50,555 - https://cloud-api.yandex.net:443 "GET /v1/disk/resources/upload?path=Profile_photos_VK%2Flikes+-+1+-+2024-02-15+-+0.jpg HTTP/1.1" 200 None
2024-02-25 16:47:50,559 - Starting new HTTPS connection (1): uploader58j.disk.yandex.net:443
2024-02-25 16:47:52,030 - https://uploader58j.disk.yandex.net:443 "PUT /upload-target/20240225T164750.509.utd.35xas9yedjwqafpvxbltmjkku-k58j.15783045 HTTP/1.1" 201 None
2024-02-25 16:47:52,038 - Starting new HTTPS connection (1): sun9-18.userapi.com:443
2024-02-25 16:47:52,266 - https://sun9-18.userapi.com:443 "GET /impg/N1blovs9EApg-c2pobfu4KEiyDa7YGNoEp3uwQ/7iV-es4S6j8.jpg?size=2560x1600&quality=95&sign=27fce57a3e8b4baa4162b75818e136f7&c_uniq_tag=Kn7XOLZleIpLe9wXL-QKqT-lJzUm6mXdPC4YdFLBGWE&type=album HTTP/1.1" 200 946506
2024-02-25 16:53:04,837 - Starting new HTTPS connection (1): sun9-60.userapi.com:443
2024-02-25 16:53:05,050 - https://sun9-60.userapi.com:443 "GET /impg/2vqBiJOu9V9GFpITLYl6YbT24mtP3f5e-mRKBQ/YgRVW9je_1A.jpg?size=1280x839&quality=95&sign=71a0b59f1fc1311d5140e1586b4dfb6d&c_uniq_tag=DKHWcFz5r8GktXAyHcEnQozAau81QBmkNhF5cGFM5AY&type=album HTTP/1.1" 200 329494
2024-02-25 16:53:05,152 - Starting new HTTPS connection (1): cloud-api.yandex.net:443
2024-02-25 16:53:05,948 - https://cloud-api.yandex.net:443 "GET /v1/disk/resources/upload?path=Profile_photos_VK%2Flikes+-+1+-+2024-02-15+-+0.jpg HTTP/1.1" 200 None
2024-02-25 16:53:05,952 - Starting new HTTPS connection (1): uploader14j.disk.yandex.net:443
2024-02-25 16:53:07,142 - https://uploader14j.disk.yandex.net:443 "PUT /upload-target/20240225T165305.774.utd.92ujuv34s03aomas1s3vv2pjk-k14j.15800260 HTTP/1.1" 201 None
2024-02-25 16:53:07,146 - Starting new HTTPS connection (1): sun9-18.userapi.com:443
2024-02-25 16:53:07,297 - https://sun9-18.userapi.com:443 "GET /impg/N1blovs9EApg-c2pobfu4KEiyDa7YGNoEp3uwQ/7iV-es4S6j8.jpg?size=2560x1600&quality=95&sign=27fce57a3e8b4baa4162b75818e136f7&c_uniq_tag=Kn7XOLZleIpLe9wXL-QKqT-lJzUm6mXdPC4YdFLBGWE&type=album HTTP/1.1" 200 946506
2024-02-25 16:53:16,048 - Starting new HTTPS connection (1): sun9-60.userapi.com:443
2024-02-25 16:53:16,275 - https://sun9-60.userapi.com:443 "GET /impg/2vqBiJOu9V9GFpITLYl6YbT24mtP3f5e-mRKBQ/YgRVW9je_1A.jpg?size=1280x839&quality=95&sign=71a0b59f1fc1311d5140e1586b4dfb6d&c_uniq_tag=DKHWcFz5r8GktXAyHcEnQozAau81QBmkNhF5cGFM5AY&type=album HTTP/1.1" 200 329494
2024-02-25 16:53:16,343 - Starting new HTTPS connection (1): cloud-api.yandex.net:443
2024-02-25 16:53:16,900 - https://cloud-api.yandex.net:443 "GET /v1/disk/resources/upload?path=Profile_photos_VK%2Flikes+-+1+-+2024-02-15+-+0.jpg HTTP/1.1" 409 243
2024-02-25 16:53:16,903 - Starting new HTTPS connection (1): sun9-18.userapi.com:443
2024-02-25 16:53:17,141 - https://sun9-18.userapi.com:443 "GET /impg/N1blovs9EApg-c2pobfu4KEiyDa7YGNoEp3uwQ/7iV-es4S6j8.jpg?size=2560x1600&quality=95&sign=27fce57a3e8b4baa4162b75818e136f7&c_uniq_tag=Kn7XOLZleIpLe9wXL-QKqT-lJzUm6mXdPC4YdFLBGWE&type=album HTTP/1.1" 200 946506
2024-02-25 16:53:17,310 - Starting new HTTPS connection (1): cloud-api.yandex.net:443
2024-02-25 16:53:17,839 - https://cloud-api.yandex.net:443 "GET /v1/disk/resources/upload?path=Profile_photos_VK%2Flikes+-+1+-+2024-02-15+-+0.jpg HTTP/1.1" 409 243
2024-02-25 16:53:17,844 - Starting new HTTPS connection (1): sun9-51.userapi.com:443
2024-02-25 16:53:18,045 - https://sun9-51.userapi.com:443 "GET /impg/FIJ0Uwh9S3YLQLpjn10401AXIY4lSer8YlRzGg/8vOuMnZSUws.jpg?size=1280x720&quality=95&sign=568e6f0050868e6c60e1db549d28f9cd&c_uniq_tag=XYYuJucpQbtJCZiIDrhtJp4CVJEnPppUUO1lo4ArGwA&type=album HTTP/1.1" 200 240416
2024-02-25 16:53:18,125 - Starting new HTTPS connection (1): cloud-api.yandex.net:443
2024-02-25 16:53:18,684 - https://cloud-api.yandex.net:443 "GET /v1/disk/resources/upload?path=Profile_photos_VK%2Flikes+-+1+-+2024-02-15+-+0.jpg HTTP/1.1" 409 243
2024-02-25 16:53:18,690 - Starting new HTTPS connection (1): sun9-23.userapi.com:443
2024-02-25 16:53:18,899 - https://sun9-23.userapi.com:443 "GET /impg/HImnTGjAa-1ir4nhPyObdfFzUbWxrfya41ReuQ/t-JKhCt3ndc.jpg?size=1280x846&quality=95&sign=963351ba3d9ce37fc4b98d17dcdc60e7&c_uniq_tag=BaM_WUbyVuR0rj8SsOvold5BfQHEmuTX1yiFY2sPEuM&type=album HTTP/1.1" 200 240383
2024-02-25 16:53:18,973 - Starting new HTTPS connection (1): cloud-api.yandex.net:443
2024-02-25 16:53:19,489 - https://cloud-api.yandex.net:443 "GET /v1/disk/resources/upload?path=Profile_photos_VK%2Flikes+-+1+-+2024-02-15+-+0.jpg HTTP/1.1" 409 243
2024-02-25 16:53:19,494 - Starting new HTTPS connection (1): sun136-1.userapi.com:443
2024-02-25 16:53:19,656 - https://sun136-1.userapi.com:443 "GET /impg/LFfZ6mt2NdeHvBxHtmbWQdZLu72DKY4wwguP0A/SYhGMFIsZ00.jpg?size=2048x1365&quality=95&sign=6ed250d39e531bf92f7f7208bcd25fae&c_uniq_tag=gI3LlZo2PNmHe9bZkraAn0CTtcwBiyyN0jMty6esNUU&type=album HTTP/1.1" 200 838590
2024-02-25 16:53:19,782 - Starting new HTTPS connection (1): cloud-api.yandex.net:443
2024-02-25 16:53:20,578 - https://cloud-api.yandex.net:443 "GET /v1/disk/resources/upload?path=Profile_photos_VK%2Flikes+-+0+-+2024-02-15+-+0.jpg HTTP/1.1" 200 None
2024-02-25 16:53:20,583 - Starting new HTTPS connection (1): uploader15j.disk.yandex.net:443
2024-02-25 16:53:22,457 - https://uploader15j.disk.yandex.net:443 "PUT /upload-target/20240225T165320.535.utd.la981chvmnv6l8rv1rizr560-k15j.15670436 HTTP/1.1" 201 None
2024-02-25 16:54:27,819 - Starting new HTTPS connection (1): sun9-23.userapi.com:443
2024-02-25 16:54:27,993 - https://sun9-23.userapi.com:443 "GET /impf/c210/v210001/6/53_VwoACy4I.jpg?size=2560x1913&quality=96&sign=c55f340348a35dd86542875a57ad8537&c_uniq_tag=RvD_7O5cznGnLGO2duPrnqHQrL-0KVHqGZMBe4FtTqI&type=album HTTP/1.1" 200 1531255
2024-02-25 16:54:28,202 - Starting new HTTPS connection (1): cloud-api.yandex.net:443
2024-02-25 16:54:28,585 - https://cloud-api.yandex.net:443 "GET /v1/disk/resources/upload?path=Profile_photos_VK%2Flikes+-+722362+-+2011-01-29+-+0.jpg HTTP/1.1" 200 None
2024-02-25 16:54:28,590 - Starting new HTTPS connection (1): uploader32o.disk.yandex.net:443
2024-02-25 16:54:30,309 - https://uploader32o.disk.yandex.net:443 "PUT /upload-target/20240225T165428.566.utd.bypflrrpi8vg52g6rzko9e5v-k32o.15920446 HTTP/1.1" 201 None
2024-02-25 16:54:30,317 - Starting new HTTPS connection (1): sun9-40.userapi.com:443
2024-02-25 16:54:30,676 - https://sun9-40.userapi.com:443 "GET /c9591/u00001/136592355/s_2606f012.jpg HTTP/1.1" 200 2374
2024-02-25 18:49:16,977 - Starting new HTTPS connection (1): sun9-60.userapi.com:443
2024-02-25 18:49:17,151 - https://sun9-60.userapi.com:443 "GET /impg/2vqBiJOu9V9GFpITLYl6YbT24mtP3f5e-mRKBQ/YgRVW9je_1A.jpg?size=1280x839&quality=95&sign=71a0b59f1fc1311d5140e1586b4dfb6d&c_uniq_tag=DKHWcFz5r8GktXAyHcEnQozAau81QBmkNhF5cGFM5AY&type=album HTTP/1.1" 200 329494
2024-02-25 18:49:17,225 - Starting new HTTPS connection (1): cloud-api.yandex.net:443
2024-02-25 18:49:17,340 - https://cloud-api.yandex.net:443 "GET /v1/disk/resources/upload?path=Profile_photos_VK%2Flikes+-+1+-+2024-02-15+-+0.jpg HTTP/1.1" 401 99
2024-02-25 18:49:17,343 - Starting new HTTPS connection (1): sun9-18.userapi.com:443
2024-02-25 18:49:17,492 - https://sun9-18.userapi.com:443 "GET /impg/N1blovs9EApg-c2pobfu4KEiyDa7YGNoEp3uwQ/7iV-es4S6j8.jpg?size=2560x1600&quality=95&sign=27fce57a3e8b4baa4162b75818e136f7&c_uniq_tag=Kn7XOLZleIpLe9wXL-QKqT-lJzUm6mXdPC4YdFLBGWE&type=album HTTP/1.1" 200 946506
2024-02-25 18:49:17,648 - Starting new HTTPS connection (1): cloud-api.yandex.net:443
2024-02-25 18:49:17,790 - https://cloud-api.yandex.net:443 "GET /v1/disk/resources/upload?path=Profile_photos_VK%2Flikes+-+1+-+2024-02-15+-+0.jpg HTTP/1.1" 401 99
2024-02-25 18:49:17,795 - Starting new HTTPS connection (1): sun9-51.userapi.com:443
2024-02-25 18:49:17,955 - https://sun9-51.userapi.com:443 "GET /impg/FIJ0Uwh9S3YLQLpjn10401AXIY4lSer8YlRzGg/8vOuMnZSUws.jpg?size=1280x720&quality=95&sign=568e6f0050868e6c60e1db549d28f9cd&c_uniq_tag=XYYuJucpQbtJCZiIDrhtJp4CVJEnPppUUO1lo4ArGwA&type=album HTTP/1.1" 200 240416
2024-02-25 18:49:18,016 - Starting new HTTPS connection (1): cloud-api.yandex.net:443
2024-02-25 18:49:18,149 - https://cloud-api.yandex.net:443 "GET /v1/disk/resources/upload?path=Profile_photos_VK%2Flikes+-+1+-+2024-02-15+-+0.jpg HTTP/1.1" 401 99
2024-02-25 18:49:18,153 - Starting new HTTPS connection (1): sun9-23.userapi.com:443
2024-02-25 18:49:18,314 - https://sun9-23.userapi.com:443 "GET /impg/HImnTGjAa-1ir4nhPyObdfFzUbWxrfya41ReuQ/t-JKhCt3ndc.jpg?size=1280x846&quality=95&sign=963351ba3d9ce37fc4b98d17dcdc60e7&c_uniq_tag=BaM_WUbyVuR0rj8SsOvold5BfQHEmuTX1yiFY2sPEuM&type=album HTTP/1.1" 200 240383
2024-02-25 18:49:18,370 - Starting new HTTPS connection (1): cloud-api.yandex.net:443
2024-02-25 18:49:18,520 - https://cloud-api.yandex.net:443 "GET /v1/disk/resources/upload?path=Profile_photos_VK%2Flikes+-+1+-+2024-02-15+-+0.jpg HTTP/1.1" 401 99
2024-02-25 18:49:18,525 - Starting new HTTPS connection (1): sun136-1.userapi.com:443
2024-02-25 18:49:18,675 - https://sun136-1.userapi.com:443 "GET /impg/LFfZ6mt2NdeHvBxHtmbWQdZLu72DKY4wwguP0A/SYhGMFIsZ00.jpg?size=2048x1365&quality=95&sign=6ed250d39e531bf92f7f7208bcd25fae&c_uniq_tag=gI3LlZo2PNmHe9bZkraAn0CTtcwBiyyN0jMty6esNUU&type=album HTTP/1.1" 200 838590
2024-02-25 18:49:18,799 - Starting new HTTPS connection (1): cloud-api.yandex.net:443
2024-02-25 18:49:18,958 - https://cloud-api.yandex.net:443 "GET /v1/disk/resources/upload?path=Profile_photos_VK%2Flikes+-+0+-+2024-02-15+-+0.jpg HTTP/1.1" 401 99
2024-02-25 19:02:37,275 - Starting new HTTPS connection (1): sun9-60.userapi.com:443
2024-02-25 19:02:37,510 - https://sun9-60.userapi.com:443 "GET /impg/2vqBiJOu9V9GFpITLYl6YbT24mtP3f5e-mRKBQ/YgRVW9je_1A.jpg?size=1280x839&quality=95&sign=71a0b59f1fc1311d5140e1586b4dfb6d&c_uniq_tag=DKHWcFz5r8GktXAyHcEnQozAau81QBmkNhF5cGFM5AY&type=album HTTP/1.1" 200 329494
2024-02-25 19:02:37,623 - Starting new HTTPS connection (1): cloud-api.yandex.net:443
2024-02-25 19:02:38,130 - https://cloud-api.yandex.net:443 "GET /v1/disk/resources/upload?path=Profile_photos_VK%2Flikes+-+1+-+2024-02-15+-+0.jpg HTTP/1.1" 200 None
2024-02-25 19:02:38,133 - Starting new HTTPS connection (1): uploader34j.disk.yandex.net:443
2024-02-25 19:02:39,737 - https://uploader34j.disk.yandex.net:443 "PUT /upload-target/20240225T190238.083.utd.6k79l9olrfz93gl6tk8vjk3v6-k34j.15750891 HTTP/1.1" 201 None
2024-02-25 19:02:39,742 - Starting new HTTPS connection (1): sun9-18.userapi.com:443
2024-02-25 19:02:39,899 - https://sun9-18.userapi.com:443 "GET /impg/N1blovs9EApg-c2pobfu4KEiyDa7YGNoEp3uwQ/7iV-es4S6j8.jpg?size=2560x1600&quality=95&sign=27fce57a3e8b4baa4162b75818e136f7&c_uniq_tag=Kn7XOLZleIpLe9wXL-QKqT-lJzUm6mXdPC4YdFLBGWE&type=album HTTP/1.1" 200 946506
2024-02-25 19:21:29,305 - Starting new HTTPS connection (1): sun9-60.userapi.com:443
2024-02-25 19:21:29,494 - https://sun9-60.userapi.com:443 "GET /impg/2vqBiJOu9V9GFpITLYl6YbT24mtP3f5e-mRKBQ/YgRVW9je_1A.jpg?size=1280x839&quality=95&sign=71a0b59f1fc1311d5140e1586b4dfb6d&c_uniq_tag=DKHWcFz5r8GktXAyHcEnQozAau81QBmkNhF5cGFM5AY&type=album HTTP/1.1" 200 329494
2024-02-25 19:21:29,578 - Starting new HTTPS connection (1): cloud-api.yandex.net:443
2024-02-25 19:21:30,268 - https://cloud-api.yandex.net:443 "GET /v1/disk/resources/upload?path=Profile_photos_VK%2Flikes+-+1+-+2024-02-15+-+0.jpg HTTP/1.1" 200 None
2024-02-25 19:21:30,271 - Starting new HTTPS connection (1): uploader1v.disk.yandex.net:443
2024-02-25 19:21:31,556 - https://uploader1v.disk.yandex.net:443 "PUT /upload-target/20240225T192130.222.utd.9hshazyi52pw1eja6gpaxxx5r-k1v.17364448 HTTP/1.1" 201 None
2024-02-25 19:21:31,560 - Starting new HTTPS connection (1): sun9-18.userapi.com:443
2024-02-25 19:21:31,713 - https://sun9-18.userapi.com:443 "GET /impg/N1blovs9EApg-c2pobfu4KEiyDa7YGNoEp3uwQ/7iV-es4S6j8.jpg?size=2560x1600&quality=95&sign=27fce57a3e8b4baa4162b75818e136f7&c_uniq_tag=Kn7XOLZleIpLe9wXL-QKqT-lJzUm6mXdPC4YdFLBGWE&type=album HTTP/1.1" 200 946506
2024-02-25 19:21:57,942 - Starting new HTTPS connection (1): sun9-60.userapi.com:443
2024-02-25 19:21:58,115 - https://sun9-60.userapi.com:443 "GET /impg/2vqBiJOu9V9GFpITLYl6YbT24mtP3f5e-mRKBQ/YgRVW9je_1A.jpg?size=1280x839&quality=95&sign=71a0b59f1fc1311d5140e1586b4dfb6d&c_uniq_tag=DKHWcFz5r8GktXAyHcEnQozAau81QBmkNhF5cGFM5AY&type=album HTTP/1.1" 200 329494
2024-02-25 19:21:58,200 - Starting new HTTPS connection (1): cloud-api.yandex.net:443
2024-02-25 19:21:58,536 - https://cloud-api.yandex.net:443 "GET /v1/disk/resources/upload?path=Profile_photos_VK%2Flikes+-+1+-+2024-02-15+-+0.jpg HTTP/1.1" 409 243
2024-02-25 19:21:58,539 - Starting new HTTPS connection (1): sun9-18.userapi.com:443
2024-02-25 19:21:58,705 - https://sun9-18.userapi.com:443 "GET /impg/N1blovs9EApg-c2pobfu4KEiyDa7YGNoEp3uwQ/7iV-es4S6j8.jpg?size=2560x1600&quality=95&sign=27fce57a3e8b4baa4162b75818e136f7&c_uniq_tag=Kn7XOLZleIpLe9wXL-QKqT-lJzUm6mXdPC4YdFLBGWE&type=album HTTP/1.1" 200 946506
2024-02-25 19:21:58,826 - Starting new HTTPS connection (1): cloud-api.yandex.net:443
2024-02-25 19:21:59,240 - https://cloud-api.yandex.net:443 "GET /v1/disk/resources/upload?path=Profile_photos_VK%2Flikes+-+1+-+2024-02-15+-+0.jpg HTTP/1.1" 409 243
2024-02-25 19:21:59,245 - Starting new HTTPS connection (1): sun9-51.userapi.com:443
2024-02-25 19:21:59,404 - https://sun9-51.userapi.com:443 "GET /impg/FIJ0Uwh9S3YLQLpjn10401AXIY4lSer8YlRzGg/8vOuMnZSUws.jpg?size=1280x720&quality=95&sign=568e6f0050868e6c60e1db549d28f9cd&c_uniq_tag=XYYuJucpQbtJCZiIDrhtJp4CVJEnPppUUO1lo4ArGwA&type=album HTTP/1.1" 200 240416
2024-02-25 19:21:59,456 - Starting new HTTPS connection (1): cloud-api.yandex.net:443
2024-02-25 19:21:59,942 - https://cloud-api.yandex.net:443 "GET /v1/disk/resources/upload?path=Profile_photos_VK%2Flikes+-+1+-+2024-02-15+-+0.jpg HTTP/1.1" 409 243
2024-02-25 19:21:59,946 - Starting new HTTPS connection (1): sun9-23.userapi.com:443
2024-02-25 19:22:00,101 - https://sun9-23.userapi.com:443 "GET /impg/HImnTGjAa-1ir4nhPyObdfFzUbWxrfya41ReuQ/t-JKhCt3ndc.jpg?size=1280x846&quality=95&sign=963351ba3d9ce37fc4b98d17dcdc60e7&c_uniq_tag=BaM_WUbyVuR0rj8SsOvold5BfQHEmuTX1yiFY2sPEuM&type=album HTTP/1.1" 200 240383
2024-02-25 19:22:00,160 - Starting new HTTPS connection (1): cloud-api.yandex.net:443
2024-02-25 19:22:00,617 - https://cloud-api.yandex.net:443 "GET /v1/disk/resources/upload?path=Profile_photos_VK%2Flikes+-+1+-+2024-02-15+-+0.jpg HTTP/1.1" 409 243
2024-02-25 19:22:00,621 - Starting new HTTPS connection (1): sun136-1.userapi.com:443
2024-02-25 19:22:00,756 - https://sun136-1.userapi.com:443 "GET /impg/LFfZ6mt2NdeHvBxHtmbWQdZLu72DKY4wwguP0A/SYhGMFIsZ00.jpg?size=2048x1365&quality=95&sign=6ed250d39e531bf92f7f7208bcd25fae&c_uniq_tag=gI3LlZo2PNmHe9bZkraAn0CTtcwBiyyN0jMty6esNUU&type=album HTTP/1.1" 200 838590
2024-02-25 19:22:00,873 - Starting new HTTPS connection (1): cloud-api.yandex.net:443
2024-02-25 19:22:01,252 - https://cloud-api.yandex.net:443 "GET /v1/disk/resources/upload?path=Profile_photos_VK%2Flikes+-+0+-+2024-02-15+-+0.jpg HTTP/1.1" 200 None
2024-02-25 19:22:01,257 - Starting new HTTPS connection (1): uploader72j.disk.yandex.net:443
2024-02-25 19:22:02,811 - https://uploader72j.disk.yandex.net:443 "PUT /upload-target/20240225T192201.226.utd.8o26yu6zf6ht1ur2ce18dsle-k72j.9773601 HTTP/1.1" 201 None
2024-02-25 19:22:51,411 - Starting new HTTPS connection (1): sun9-60.userapi.com:443
2024-02-25 19:22:51,593 - https://sun9-60.userapi.com:443 "GET /impg/2vqBiJOu9V9GFpITLYl6YbT24mtP3f5e-mRKBQ/YgRVW9je_1A.jpg?size=1280x839&quality=95&sign=71a0b59f1fc1311d5140e1586b4dfb6d&c_uniq_tag=DKHWcFz5r8GktXAyHcEnQozAau81QBmkNhF5cGFM5AY&type=album HTTP/1.1" 200 329494
2024-02-25 19:22:51,663 - Starting new HTTPS connection (1): cloud-api.yandex.net:443
2024-02-25 19:22:52,130 - https://cloud-api.yandex.net:443 "GET /v1/disk/resources/upload?path=Profile_photos_VK%2Flikes+-+1+-+2024-02-15+-+0.jpg HTTP/1.1" 409 243
2024-02-25 19:22:52,133 - Starting new HTTPS connection (1): sun9-18.userapi.com:443
2024-02-25 19:22:52,317 - https://sun9-18.userapi.com:443 "GET /impg/N1blovs9EApg-c2pobfu4KEiyDa7YGNoEp3uwQ/7iV-es4S6j8.jpg?size=2560x1600&quality=95&sign=27fce57a3e8b4baa4162b75818e136f7&c_uniq_tag=Kn7XOLZleIpLe9wXL-QKqT-lJzUm6mXdPC4YdFLBGWE&type=album HTTP/1.1" 200 946506
2024-02-25 19:22:52,495 - Starting new HTTPS connection (1): cloud-api.yandex.net:443
2024-02-25 19:22:52,924 - https://cloud-api.yandex.net:443 "GET /v1/disk/resources/upload?path=Profile_photos_VK%2Flikes+-+1+-+2024-02-15+-+0.jpg HTTP/1.1" 409 243
2024-02-25 19:22:52,928 - Starting new HTTPS connection (1): sun9-51.userapi.com:443
2024-02-25 19:22:53,074 - https://sun9-51.userapi.com:443 "GET /impg/FIJ0Uwh9S3YLQLpjn10401AXIY4lSer8YlRzGg/8vOuMnZSUws.jpg?size=1280x720&quality=95&sign=568e6f0050868e6c60e1db549d28f9cd&c_uniq_tag=XYYuJucpQbtJCZiIDrhtJp4CVJEnPppUUO1lo4ArGwA&type=album HTTP/1.1" 200 240416
2024-02-25 19:22:53,128 - Starting new HTTPS connection (1): cloud-api.yandex.net:443
2024-02-25 19:22:53,721 - https://cloud-api.yandex.net:443 "GET /v1/disk/resources/upload?path=Profile_photos_VK%2Flikes+-+1+-+2024-02-15+-+0.jpg HTTP/1.1" 409 243
2024-02-25 19:22:53,726 - Starting new HTTPS connection (1): sun9-23.userapi.com:443
2024-02-25 19:22:53,916 - https://sun9-23.userapi.com:443 "GET /impg/HImnTGjAa-1ir4nhPyObdfFzUbWxrfya41ReuQ/t-JKhCt3ndc.jpg?size=1280x846&quality=95&sign=963351ba3d9ce37fc4b98d17dcdc60e7&c_uniq_tag=BaM_WUbyVuR0rj8SsOvold5BfQHEmuTX1yiFY2sPEuM&type=album HTTP/1.1" 200 240383
2024-02-25 19:22:53,986 - Starting new HTTPS connection (1): cloud-api.yandex.net:443
2024-02-25 19:22:54,810 - https://cloud-api.yandex.net:443 "GET /v1/disk/resources/upload?path=Profile_photos_VK%2Flikes+-+1+-+2024-02-15+-+0.jpg HTTP/1.1" 409 243
2024-02-25 19:22:54,815 - Starting new HTTPS connection (1): sun136-1.userapi.com:443
2024-02-25 19:22:54,986 - https://sun136-1.userapi.com:443 "GET /impg/LFfZ6mt2NdeHvBxHtmbWQdZLu72DKY4wwguP0A/SYhGMFIsZ00.jpg?size=2048x1365&quality=95&sign=6ed250d39e531bf92f7f7208bcd25fae&c_uniq_tag=gI3LlZo2PNmHe9bZkraAn0CTtcwBiyyN0jMty6esNUU&type=album HTTP/1.1" 200 838590
2024-02-25 19:22:55,104 - Starting new HTTPS connection (1): cloud-api.yandex.net:443
2024-02-25 19:22:55,712 - https://cloud-api.yandex.net:443 "GET /v1/disk/resources/upload?path=Profile_photos_VK%2Flikes+-+0+-+2024-02-15+-+0.jpg HTTP/1.1" 409 243
